<?xml version="1.0" encoding="UTF-8"?>
<testsuite name="Hungry.PatientAnalystic.PatientAnalysticApplicationTests" tests="1" skipped="0" failures="0" errors="0" timestamp="2023-11-10T15:17:36" hostname="yunjaeyong-ui-MacBookAir.local" time="0.275">
  <properties/>
  <testcase name="contextLoads()" classname="Hungry.PatientAnalystic.PatientAnalysticApplicationTests" time="0.275"/>
  <system-out><![CDATA[00:17:35.044 [Test worker] INFO org.springframework.test.context.support.AnnotationConfigContextLoaderUtils -- Could not detect default configuration classes for test class [Hungry.PatientAnalystic.PatientAnalysticApplicationTests]: PatientAnalysticApplicationTests does not declare any static, non-private, non-final, nested classes annotated with @Configuration.
00:17:35.080 [Test worker] INFO org.springframework.boot.test.context.SpringBootTestContextBootstrapper -- Found @SpringBootConfiguration Hungry.PatientAnalystic.PatientAnalysticApplication for test class Hungry.PatientAnalystic.PatientAnalysticApplicationTests

  .   ____          _            __ _ _
 /\\ / ___'_ __ _ _(_)_ __  __ _ \ \ \ \
( ( )\___ | '_ | '_| | '_ \/ _` | \ \ \ \
 \\/  ___)| |_)| | | | | || (_| |  ) ) ) )
  '  |____| .__|_| |_|_| |_\__, | / / / /
 =========|_|==============|___/=/_/_/_/
 :: Spring Boot ::                (v3.1.5)

2023-11-11T00:17:35.233+09:00  INFO 26717 --- [    Test worker] H.P.PatientAnalysticApplicationTests     : Starting PatientAnalysticApplicationTests using Java 17.0.6 with PID 26717 (started by dbswodyd00 in /Users/dbswodyd00/Desktop/github/SW 해커톤)
2023-11-11T00:17:35.234+09:00  INFO 26717 --- [    Test worker] H.P.PatientAnalysticApplicationTests     : No active profile set, falling back to 1 default profile: "default"
2023-11-11T00:17:35.430+09:00  INFO 26717 --- [    Test worker] .s.d.r.c.RepositoryConfigurationDelegate : Bootstrapping Spring Data JPA repositories in DEFAULT mode.
2023-11-11T00:17:35.450+09:00  INFO 26717 --- [    Test worker] .s.d.r.c.RepositoryConfigurationDelegate : Finished Spring Data repository scanning in 15 ms. Found 1 JPA repository interfaces.
2023-11-11T00:17:35.597+09:00  INFO 26717 --- [    Test worker] o.hibernate.jpa.internal.util.LogHelper  : HHH000204: Processing PersistenceUnitInfo [name: default]
2023-11-11T00:17:35.615+09:00  INFO 26717 --- [    Test worker] org.hibernate.Version                    : HHH000412: Hibernate ORM core version 6.2.13.Final
2023-11-11T00:17:35.616+09:00  INFO 26717 --- [    Test worker] org.hibernate.cfg.Environment            : HHH000406: Using bytecode reflection optimizer
2023-11-11T00:17:35.706+09:00  INFO 26717 --- [    Test worker] o.s.o.j.p.SpringPersistenceUnitInfo      : No LoadTimeWeaver setup: ignoring JPA class transformer
2023-11-11T00:17:35.716+09:00  INFO 26717 --- [    Test worker] com.zaxxer.hikari.HikariDataSource       : HikariPool-1 - Starting...
2023-11-11T00:17:35.804+09:00  INFO 26717 --- [    Test worker] com.zaxxer.hikari.pool.HikariPool        : HikariPool-1 - Added connection org.mariadb.jdbc.Connection@5599b5bb
2023-11-11T00:17:35.805+09:00  INFO 26717 --- [    Test worker] com.zaxxer.hikari.HikariDataSource       : HikariPool-1 - Start completed.
2023-11-11T00:17:36.112+09:00  INFO 26717 --- [    Test worker] o.h.e.t.j.p.i.JtaPlatformInitiator       : HHH000489: No JTA platform available (set 'hibernate.transaction.jta.platform' to enable JTA platform integration)
Hibernate: drop table if exists patient
Hibernate: create table patient (age integer not null, patient_id bigint not null auto_increment, name varchar(255), symptom varchar(255), primary key (patient_id)) engine=InnoDB
2023-11-11T00:17:36.159+09:00  INFO 26717 --- [    Test worker] j.LocalContainerEntityManagerFactoryBean : Initialized JPA EntityManagerFactory for persistence unit 'default'
2023-11-11T00:17:36.237+09:00  INFO 26717 --- [    Test worker] o.s.d.j.r.query.QueryEnhancerFactory     : Hibernate is in classpath; If applicable, HQL parser will be used.
2023-11-11T00:17:36.515+09:00 DEBUG 26717 --- [    Test worker] s.w.s.m.m.a.RequestMappingHandlerAdapter : ControllerAdvice beans: 0 @ModelAttribute, 0 @InitBinder, 1 RequestBodyAdvice, 1 ResponseBodyAdvice
2023-11-11T00:17:36.547+09:00 DEBUG 26717 --- [    Test worker] s.w.s.m.m.a.RequestMappingHandlerMapping : 3 mappings in 'requestMappingHandlerMapping'
2023-11-11T00:17:36.556+09:00 DEBUG 26717 --- [    Test worker] o.s.w.s.handler.SimpleUrlHandlerMapping  : Patterns [/webjars/**, /**] in 'resourceHandlerMapping'
2023-11-11T00:17:36.559+09:00 DEBUG 26717 --- [    Test worker] .m.m.a.ExceptionHandlerExceptionResolver : ControllerAdvice beans: 0 @ExceptionHandler, 1 ResponseBodyAdvice
2023-11-11T00:17:36.593+09:00  INFO 26717 --- [    Test worker] H.P.PatientAnalysticApplicationTests     : Started PatientAnalysticApplicationTests in 1.456 seconds (process running for 1.867)
]]></system-out>
  <system-err><![CDATA[]]></system-err>
</testsuite>
